--------------------------------------------------------------------------------
         INPUT DATA
--------------------------------------------------------------------------------
 Parametrization file = #pre/c2d.prm                                                
 Coarse grid file     = #pre/c2d.tri                                                
 Integer parameters of /IPARM/,etc. :
--------------------------------------------------------------------------------
 minimum mg-level:  NLMIN =            1
 maximum mg-level:  NLMAX =            3
 element type   =            3
 Stokes calculation:  ISTOK =            0
 RHS    generation   =            0
 Boundary generation =            0
 Error evaluation    =            0
 mass evaluation     =            0
 lumped mass eval.   =            2
 convective part     =            1
 Accuracy for ST     =            0
 Accuracy for B      =            2
 ICUB lumped mass matrix =            3
 ICUB mass matrix        =            3
 ICUB diff. matrix       =            4
 ICUB conv. matrix       =            4
 ICUB matrices B1,B2     =            8
 ICUB right hand side    =            1
 minimum of nonlinear iterations: INLMIN =            2
 maximum of nonlinear iterations: INLMAX =            5
 matrix resorting:  ISORTU =            3
 type of mg-cycle:  ICYCU =            0
 minimum of linear mg steps :  ILMINU =            1
 maximum of linear mg steps :  ILMAXU =            9
 type of interpolation:  IINTU =            1
 type of smoother :  ISMU =            4
 type of solver :  ISLU =            1
 number of smoothing steps :  NSMU =            1
 maximum of solver-iterations :  NSLU =          100
 factor sm. steps on coarser lev.:NSMUFA=           1
 matrix resorting:  ISORTP =            3
 type of mg-cycle:  ICYCP =            0
 minimum of linear mg steps :  ILMINP =            2
 maximum of linear mg steps :  ILMAXP =           10
 type of interpolation:  IINTP =            4
 type of smoother :  ISMP =            4
 type of solver :  ISLP =            4
 number of smoothing steps :  NSMP =            2
 maximum of solver-iterations :  NSLP =          100
 factor sm. steps on coarser lev.:NSMPFA=           1
 Real parameters of /RPARM/,etc. :
--------------------------------------------------------------------------------
 Viscosity parameter:  1/NU =    1000.0000000000000     
 parameter for Samarskij-upwind:  UPSAM =   0.10000000000000001     
 lower limit for optimal OMEGA: OMGMIN =    1.0000000000000000     
 upper limit for optimal OMEGA: OMGMAX =    1.0000000000000000     
 start value for optimal OMEGA: OMGINI =    1.0000000000000000     
 limit for U-changes :          EPSUR  =   0.10000000000000001     
 limit for U-defects   :        EPSUD  =    1.0000000000000001E-005
 damping of U-defects :         DMPUD  =   0.10000000000000001     
 damping of U-MG residuals :    DMPUMG =   0.10000000000000001     
 damping of solver residuals :  DMPUSL =    1.0000000000000000E-002
 relaxation for the U-smoother: RLXSMU =    1.0000000000000000     
 relaxation for the U-solver :  RLXSLU =    1.0000000000000000     
 lower limit for opt. U-ALPHA:   AMINU  =   -10.000000000000000     
 upper limit for opt. U-ALPHA:   AMAXU  =    10.000000000000000     
 error reduction for p :        EPSP   =    1.0000000000000000E-008
 damping of P-MG residuals :    DMPPMG =   0.10000000000000001     
 damping of P_solver residuals: DMPPSL =    1.0000000000000000E-002
 relaxation for the P-smoother: RLXSMP =    1.0000000000000000     
 relaxation for the P-solver :  RLXSLP =    1.0000000000000000     
 lower limit for opt. P-ALPHA:   AMINP  =   -10.000000000000000     
 upper limit for opt. P-ALPHA:   AMAXP  =    10.000000000000000     
 Parameters of /NS.../ :
--------------------------------------------------------------------------------
 projection type          : IPROJ  =           -4
 Number of time steps     : NITNS  =            3
 limit for time derivative: EPSNS  =    1.0000000000000000E-003
 Total time               : TIMENS =    0.0000000000000000     
 Theta                    : THETA  =    1.0000000000000000     
 Time step                : TSTEP  =    3.3333339999999999E-003
 Fractional step          : IFRSTP =            1
 Stepsize for nonsteady savings: INSAV =            5
 Number of files               : INSAVN =           10
 Time step for Film            : DTFILM =    0.0000000000000000     
 Time step for AVS             : DTAVS =    1.0000000000000000     
 Time step for GMV             : DTGMV =   0.10000000000000001     
 Level for velocity            : IFUSAV =            0
 Level for pressure            : IFPSAV =            0
 Level for streamlines         : IFXSAV =            0
 Level for AVS                 : IAVS =            3
 Level for GMV                 : IGMV =            3
 Start file                    : IFINIT =            0
 Type of adaptivity            : IADTIM =           -1
 Max. Time                     : TIMEMX =    5.0000000000000000     
 Min. Timestep                 : DTMIN  =    9.9999999999999995E-007
 Max. Timestep                 : DTMAX  =   0.10000000100000001     
 Max. Timestep change          : DTFACT =    4.0000000010000001     
 Time for start procedure      : TIMEIN =   0.10000000000000001     
 EPS for start procedure       : EPSADI =    1.2500000000000000E-003
 EPS for acceptance            : EPSADL =    1.2500000000000000E-004
 EPS for not acceptance        : EPSADU =   0.25000000000000000     
 Acceptance criterion          : IEPSAD =            1
 Start procedure               : IADIN  =            2
 Max.numbers of repetitions    : IREPIT =            3
 Parameter for reactive prec.  : PRDIF1 =    1.0000000000000000     
 Parameter for diffusive prec. : PRDIF2 =    1.0000000000000000     
--------------------------------------------------------------------------------
 ILEV,NVT,NMT,NEL,NVBD:            1          35          59          24          22
 ILEV,NVT,NMT,NEL,NVBD:            2         118         214          96          44
 ILEV,NVT,NMT,NEL,NVBD:            3         428         812         384          88

 time for grid generation :    2.9110000468790531E-003

 ILEV,NU,NA,NB:           1          59         347          96
 ILEV,NU,NA,NB:           2         214        1366         384
 ILEV,NU,NA,NB:           3         812        5420        1536

 ILEV,NP,NC:           1          24          98
 ILEV,NP,NC:           2          96         436
 ILEV,NP,NC:           3         384        1832

 time for initialization of linear operators :    9.4259995967149734E-003


$$$$$$$$$$$$$$$$$$$$$$$$$$$$$$$$$$$$$$$$$$$$$$$$$$$$$$$$$$$$$$$$$$$$$$$$$$$$$$$$
MACRO STEP    1 AT TIME =  0.000D+00 WITH 1 STEP : DT1 =  0.100D-01
$$$$$$$$$$$$$$$$$$$$$$$$$$$$$$$$$$$$$$$$$$$$$$$$$$$$$$$$$$$$$$$$$$$$$$$$$$$$$$$$
--------------------------------------------------------------------------------
 IT REL-U1   REL-U2   DEF-U1   DEF-U2   RHONL    OMEGNL   RHOMG1   RHOMG2
--------------------------------------------------------------------------------
  0                   0.29D-03 0.00D+00
--------------------------------------------------------------------------------
  1 0.16D+00 0.00D+00 0.21D-04 0.00D+00 0.71D-01 0.10D+01 0.15D-09 0.00D+00
  2 0.12D-01 0.00D+00 0.15D-05 0.00D+00 0.71D-01 0.10D+01 0.29D-09 0.00D+00
--------------------------------------------------------------------------------
  IT DIV-L2   RHOMGP
--------------------------------------------------------------------------------
   7 0.97D-08 0.11D+00
--------------------------------------------------------------------------------
++++++++++++++++++++++++++++++++++++++++++++++++++++++++++++++++++++++++++++++++
#   1(   1) TIME= 0.100D-01 REL2(P)= 0.903D+04 RELM(P)= 0.123D+05
++++++++++++++++++++++++++++++++++++++++++++++++++++++++++++++++++++++++++++++++

$$$$$$$$$$$$$$$$$$$$$$$$$$$$$$$$$$$$$$$$$$$$$$$$$$$$$$$$$$$$$$$$$$$$$$$$$$$$$$$$
MACRO STEP    1 AT TIME =  0.000D+00 WITH 3 STEPS: DT3 =  0.333D-02
$$$$$$$$$$$$$$$$$$$$$$$$$$$$$$$$$$$$$$$$$$$$$$$$$$$$$$$$$$$$$$$$$$$$$$$$$$$$$$$$
--------------------------------------------------------------------------------
 IT REL-U1   REL-U2   DEF-U1   DEF-U2   RHONL    OMEGNL   RHOMG1   RHOMG2
--------------------------------------------------------------------------------
  0                   0.86D-04 0.00D+00
--------------------------------------------------------------------------------
  1 0.50D-01 0.00D+00 0.24D-05 0.00D+00 0.27D-01 0.10D+01 0.23D-11 0.00D+00
  2 0.15D-02 0.00D+00 0.66D-07 0.00D+00 0.28D-01 0.10D+01 0.28D-11 0.00D+00
--------------------------------------------------------------------------------
  IT DIV-L2   RHOMGP
--------------------------------------------------------------------------------
   7 0.69D-08 0.11D+00
--------------------------------------------------------------------------------
++++++++++++++++++++++++++++++++++++++++++++++++++++++++++++++++++++++++++++++++
#   1(   1) TIME= 0.293D-02 REL2(P)= 0.105D+06 RELM(P)= 0.143D+06
++++++++++++++++++++++++++++++++++++++++++++++++++++++++++++++++++++++++++++++++

--------------------------------------------------------------------------------
 IT REL-U1   REL-U2   DEF-U1   DEF-U2   RHONL    OMEGNL   RHOMG1   RHOMG2
--------------------------------------------------------------------------------
  0                   0.51D-03 0.25D-03
--------------------------------------------------------------------------------
  1 0.53D+00 0.26D+00 0.66D-05 0.52D-05 0.13D-01 0.10D+01 0.14D-05 0.92D-06
  2 0.24D-01 0.12D-01 0.29D-06 0.28D-06 0.24D-01 0.10D+01 0.21D-05 0.13D-05
--------------------------------------------------------------------------------
  IT DIV-L2   RHOMGP
--------------------------------------------------------------------------------
   7 0.24D-08 0.11D+00
--------------------------------------------------------------------------------
++++++++++++++++++++++++++++++++++++++++++++++++++++++++++++++++++++++++++++++++
#   2(   1) TIME= 0.707D-02 REL2(P)= 0.727D+05 RELM(P)= 0.980D+05
++++++++++++++++++++++++++++++++++++++++++++++++++++++++++++++++++++++++++++++++

--------------------------------------------------------------------------------
 IT REL-U1   REL-U2   DEF-U1   DEF-U2   RHONL    OMEGNL   RHOMG1   RHOMG2
--------------------------------------------------------------------------------
  0                   0.35D-03 0.16D-03
--------------------------------------------------------------------------------
  1 0.25D+00 0.12D+00 0.42D-05 0.33D-05 0.12D-01 0.10D+01 0.18D-05 0.15D-05
  2 0.11D-01 0.55D-02 0.17D-06 0.17D-06 0.22D-01 0.10D+01 0.25D-05 0.15D-05
--------------------------------------------------------------------------------
  IT DIV-L2   RHOMGP
--------------------------------------------------------------------------------
   4 0.10D-08 0.50D-01
--------------------------------------------------------------------------------
++++++++++++++++++++++++++++++++++++++++++++++++++++++++++++++++++++++++++++++++
#   3(   1) TIME= 0.100D-01 REL2(P)= 0.109D+03 RELM(P)= 0.211D+03
++++++++++++++++++++++++++++++++++++++++++++++++++++++++++++++++++++++++++++++++

@@@@@@@@@@@@@@@@@@@@@@@@@@@@@@@@@@@@@@@@@@@@@@@@@@@@@@@@@@@@@@@@@@@@@@@@@@@@@@@@
OLD DT= 0.33D-02 U(L2)= 0.14D-01 U(MX)= 0.68D-01 P(L2)= 0.14D+01 P(MX)= 0.11D+01
CHOICE  0(   1)    ---- NEW DT =  0.885D-03 -- OLD DT =  0.333D-02
@@@@@@@@@@@@@@@@@@@@@@@@@@@@@@@@@@@@@@@@@@@@@@@@@@@@@@@@@@@@@@@@@@@@@@@@@@@@@@@@

P(VELO)  0.00000D+00 0.00000D+00 0.45251D+00 0.44220D-02
P(PRES) -0.18277D+01-0.44080D+01-0.19837D+01-0.51634D+01
I(PRES) -0.32310D+01-0.32336D+01
I(FORCE) 0.51648D+01 0.17682D-01
P(FLUX)  0.20302D+00
$$$$$$$$$$$$$$$$$$$$$$$$$$$$$$$$$$$$$$$$$$$$$$$$$$$$$$$$$$$$$$$$$$$$$$$$$$$$$$$$
#   1 (   4) TIME= 0.100D-01 RELU(L2)= 0.49D+02 RELP(L2)= 0.37D+03 REL= 0.49D+02
$$$$$$$$$$$$$$$$$$$$$$$$$$$$$$$$$$$$$$$$$$$$$$$$$$$$$$$$$$$$$$$$$$$$$$$$$$$$$$$$

 total time :    3.8368000765331089E-002
 mavec time :    8.3910003304481506E-003
 konv. time :    4.9530081450939178E-003
 bdry  time :    1.1400133371353149E-004
 LC    time :    1.7430093139410019E-003
 ILU   time :    5.6910011917352676E-003
 U-mg  time :    5.4679997265338898E-003
 P-mg  time :    7.6499991118907928E-003

$$$$$$$$$$$$$$$$$$$$$$$$$$$$$$$$$$$$$$$$$$$$$$$$$$$$$$$$$$$$$$$$$$$$$$$$$$$$$$$$
MACRO STEP    2 AT TIME =  0.100D-01 WITH 1 STEP : DT1 =  0.265D-02
$$$$$$$$$$$$$$$$$$$$$$$$$$$$$$$$$$$$$$$$$$$$$$$$$$$$$$$$$$$$$$$$$$$$$$$$$$$$$$$$
--------------------------------------------------------------------------------
 IT REL-U1   REL-U2   DEF-U1   DEF-U2   RHONL    OMEGNL   RHOMG1   RHOMG2
--------------------------------------------------------------------------------
  0                   0.45D-03 0.10D-03
--------------------------------------------------------------------------------
  1 0.11D+00 0.77D-01 0.33D-05 0.18D-05 0.74D-02 0.10D+01 0.26D-06 0.69D-06
  2 0.20D-02 0.14D-02 0.55D-07 0.48D-07 0.11D-01 0.10D+01 0.80D-06 0.10D-05
--------------------------------------------------------------------------------
  IT DIV-L2   RHOMGP
--------------------------------------------------------------------------------
   5 0.19D-08 0.80D-01
--------------------------------------------------------------------------------
++++++++++++++++++++++++++++++++++++++++++++++++++++++++++++++++++++++++++++++++
#   1(   2) TIME= 0.127D-01 REL2(P)= 0.390D+04 RELM(P)= 0.518D+04
++++++++++++++++++++++++++++++++++++++++++++++++++++++++++++++++++++++++++++++++

$$$$$$$$$$$$$$$$$$$$$$$$$$$$$$$$$$$$$$$$$$$$$$$$$$$$$$$$$$$$$$$$$$$$$$$$$$$$$$$$
MACRO STEP    2 AT TIME =  0.100D-01 WITH 3 STEPS: DT3 =  0.885D-03
$$$$$$$$$$$$$$$$$$$$$$$$$$$$$$$$$$$$$$$$$$$$$$$$$$$$$$$$$$$$$$$$$$$$$$$$$$$$$$$$
--------------------------------------------------------------------------------
 IT REL-U1   REL-U2   DEF-U1   DEF-U2   RHONL    OMEGNL   RHOMG1   RHOMG2
--------------------------------------------------------------------------------
  0                   0.13D-03 0.30D-04
--------------------------------------------------------------------------------
  1 0.35D-01 0.25D-01 0.35D-06 0.20D-06 0.27D-02 0.10D+01 0.57D-08 0.14D-07
  2 0.24D-03 0.20D-03 0.23D-08 0.19D-08 0.41D-02 0.10D+01 0.19D-07 0.19D-07
--------------------------------------------------------------------------------
  IT DIV-L2   RHOMGP
--------------------------------------------------------------------------------
   3 0.14D-08 0.61D-01
--------------------------------------------------------------------------------
++++++++++++++++++++++++++++++++++++++++++++++++++++++++++++++++++++++++++++++++
#   1(   2) TIME= 0.108D-01 REL2(P)= 0.135D+05 RELM(P)= 0.181D+05
++++++++++++++++++++++++++++++++++++++++++++++++++++++++++++++++++++++++++++++++

--------------------------------------------------------------------------------
 IT REL-U1   REL-U2   DEF-U1   DEF-U2   RHONL    OMEGNL   RHOMG1   RHOMG2
--------------------------------------------------------------------------------
  0                   0.94D-04 0.32D-04
--------------------------------------------------------------------------------
  1 0.46D-01 0.29D-01 0.66D-06 0.35D-06 0.70D-02 0.10D+01 0.74D-08 0.15D-07
  2 0.41D-03 0.23D-03 0.26D-08 0.20D-08 0.53D-02 0.10D+01 0.21D-07 0.23D-07
--------------------------------------------------------------------------------
  IT DIV-L2   RHOMGP
--------------------------------------------------------------------------------
   5 0.15D-08 0.11D+00
--------------------------------------------------------------------------------
++++++++++++++++++++++++++++++++++++++++++++++++++++++++++++++++++++++++++++++++
#   2(   2) TIME= 0.119D-01 REL2(P)= 0.370D+02 RELM(P)= 0.736D+02
++++++++++++++++++++++++++++++++++++++++++++++++++++++++++++++++++++++++++++++++

--------------------------------------------------------------------------------
 IT REL-U1   REL-U2   DEF-U1   DEF-U2   RHONL    OMEGNL   RHOMG1   RHOMG2
--------------------------------------------------------------------------------
  0                   0.66D-04 0.22D-04
--------------------------------------------------------------------------------
  1 0.29D-01 0.18D-01 0.46D-06 0.24D-06 0.70D-02 0.10D+01 0.70D-08 0.15D-07
  2 0.28D-03 0.16D-03 0.18D-08 0.13D-08 0.52D-02 0.10D+01 0.21D-07 0.23D-07
--------------------------------------------------------------------------------
  IT DIV-L2   RHOMGP
--------------------------------------------------------------------------------
   2 0.68D-08 0.49D-01
--------------------------------------------------------------------------------
++++++++++++++++++++++++++++++++++++++++++++++++++++++++++++++++++++++++++++++++
#   3(   2) TIME= 0.127D-01 REL2(P)= 0.951D+02 RELM(P)= 0.168D+03
++++++++++++++++++++++++++++++++++++++++++++++++++++++++++++++++++++++++++++++++

@@@@@@@@@@@@@@@@@@@@@@@@@@@@@@@@@@@@@@@@@@@@@@@@@@@@@@@@@@@@@@@@@@@@@@@@@@@@@@@@
OLD DT= 0.88D-03 U(L2)= 0.77D-04 U(MX)= 0.37D-03 P(L2)= 0.27D-02 P(MX)= 0.23D-02
CHOICE  0(   2)    ---- NEW DT =  0.307D-02 -- OLD DT =  0.885D-03
@@@@@@@@@@@@@@@@@@@@@@@@@@@@@@@@@@@@@@@@@@@@@@@@@@@@@@@@@@@@@@@@@@@@@@@@@@@@@@@@

P(VELO)  0.00000D+00 0.00000D+00 0.47032D+00 0.41844D-02
P(PRES)  0.99584D+01 0.68508D+01 0.99844D+01 0.46243D+01
I(PRES)  0.82255D+01 0.82230D+01
I(FORCE) 0.59833D+01 0.16810D-01
P(FLUX)  0.20283D+00
$$$$$$$$$$$$$$$$$$$$$$$$$$$$$$$$$$$$$$$$$$$$$$$$$$$$$$$$$$$$$$$$$$$$$$$$$$$$$$$$
#   2 (   8) TIME= 0.127D-01 RELU(L2)= 0.11D+02 RELP(L2)= 0.40D+04 REL= 0.11D+02
$$$$$$$$$$$$$$$$$$$$$$$$$$$$$$$$$$$$$$$$$$$$$$$$$$$$$$$$$$$$$$$$$$$$$$$$$$$$$$$$

 total time :    6.1463001300580800E-002
 mavec time :    9.5929950475692749E-003
 konv. time :    9.3810148537158966E-003
 bdry  time :    1.9800662994384766E-004
 LC    time :    2.3569967597723007E-003
 ILU   time :    9.9279973655939102E-003
 U-mg  time :    1.2451004236936569E-002
 P-mg  time :    1.2422997504472733E-002

$$$$$$$$$$$$$$$$$$$$$$$$$$$$$$$$$$$$$$$$$$$$$$$$$$$$$$$$$$$$$$$$$$$$$$$$$$$$$$$$
MACRO STEP    3 AT TIME =  0.127D-01 WITH 1 STEP : DT1 =  0.922D-02
$$$$$$$$$$$$$$$$$$$$$$$$$$$$$$$$$$$$$$$$$$$$$$$$$$$$$$$$$$$$$$$$$$$$$$$$$$$$$$$$
--------------------------------------------------------------------------------
 IT REL-U1   REL-U2   DEF-U1   DEF-U2   RHONL    OMEGNL   RHOMG1   RHOMG2
--------------------------------------------------------------------------------
  0                   0.78D-03 0.25D-03
--------------------------------------------------------------------------------
  1 0.23D+00 0.14D+00 0.47D-04 0.24D-04 0.60D-01 0.10D+01 0.21D-04 0.35D-04
  2 0.16D-01 0.13D-01 0.13D-05 0.12D-05 0.41D-01 0.10D+01 0.48D-04 0.75D-04
--------------------------------------------------------------------------------
  IT DIV-L2   RHOMGP
--------------------------------------------------------------------------------
   4 0.36D-08 0.64D-01
--------------------------------------------------------------------------------
++++++++++++++++++++++++++++++++++++++++++++++++++++++++++++++++++++++++++++++++
#   1(   3) TIME= 0.219D-01 REL2(P)= 0.282D+02 RELM(P)= 0.508D+02
++++++++++++++++++++++++++++++++++++++++++++++++++++++++++++++++++++++++++++++++

$$$$$$$$$$$$$$$$$$$$$$$$$$$$$$$$$$$$$$$$$$$$$$$$$$$$$$$$$$$$$$$$$$$$$$$$$$$$$$$$
MACRO STEP    3 AT TIME =  0.127D-01 WITH 3 STEPS: DT3 =  0.307D-02
$$$$$$$$$$$$$$$$$$$$$$$$$$$$$$$$$$$$$$$$$$$$$$$$$$$$$$$$$$$$$$$$$$$$$$$$$$$$$$$$
--------------------------------------------------------------------------------
 IT REL-U1   REL-U2   DEF-U1   DEF-U2   RHONL    OMEGNL   RHOMG1   RHOMG2
--------------------------------------------------------------------------------
  0                   0.23D-03 0.73D-04
--------------------------------------------------------------------------------
  1 0.82D-01 0.53D-01 0.52D-05 0.27D-05 0.23D-01 0.10D+01 0.63D-06 0.14D-05
  2 0.27D-02 0.18D-02 0.61D-07 0.50D-07 0.16D-01 0.10D+01 0.17D-05 0.23D-05
--------------------------------------------------------------------------------
  IT DIV-L2   RHOMGP
--------------------------------------------------------------------------------
   3 0.85D-08 0.55D-01
--------------------------------------------------------------------------------
++++++++++++++++++++++++++++++++++++++++++++++++++++++++++++++++++++++++++++++++
#   1(   3) TIME= 0.154D-01 REL2(P)= 0.477D+02 RELM(P)= 0.845D+02
++++++++++++++++++++++++++++++++++++++++++++++++++++++++++++++++++++++++++++++++

--------------------------------------------------------------------------------
 IT REL-U1   REL-U2   DEF-U1   DEF-U2   RHONL    OMEGNL   RHOMG1   RHOMG2
--------------------------------------------------------------------------------
  0                   0.32D-03 0.94D-04
--------------------------------------------------------------------------------
  1 0.92D-01 0.56D-01 0.67D-05 0.34D-05 0.21D-01 0.10D+01 0.65D-06 0.15D-05
  2 0.30D-02 0.23D-02 0.72D-07 0.64D-07 0.15D-01 0.10D+01 0.17D-05 0.27D-05
--------------------------------------------------------------------------------
  IT DIV-L2   RHOMGP
--------------------------------------------------------------------------------
   3 0.39D-08 0.51D-01
--------------------------------------------------------------------------------
++++++++++++++++++++++++++++++++++++++++++++++++++++++++++++++++++++++++++++++++
#   2(   3) TIME= 0.192D-01 REL2(P)= 0.422D+02 RELM(P)= 0.760D+02
++++++++++++++++++++++++++++++++++++++++++++++++++++++++++++++++++++++++++++++++

--------------------------------------------------------------------------------
 IT REL-U1   REL-U2   DEF-U1   DEF-U2   RHONL    OMEGNL   RHOMG1   RHOMG2
--------------------------------------------------------------------------------
  0                   0.22D-03 0.59D-04
--------------------------------------------------------------------------------
  1 0.57D-01 0.31D-01 0.44D-05 0.22D-05 0.20D-01 0.10D+01 0.79D-06 0.17D-05
  2 0.17D-02 0.15D-02 0.44D-07 0.42D-07 0.14D-01 0.10D+01 0.15D-05 0.28D-05
--------------------------------------------------------------------------------
  IT DIV-L2   RHOMGP
--------------------------------------------------------------------------------
   3 0.34D-08 0.53D-01
--------------------------------------------------------------------------------
++++++++++++++++++++++++++++++++++++++++++++++++++++++++++++++++++++++++++++++++
#   3(   3) TIME= 0.219D-01 REL2(P)= 0.799D+02 RELM(P)= 0.146D+03
++++++++++++++++++++++++++++++++++++++++++++++++++++++++++++++++++++++++++++++++

@@@@@@@@@@@@@@@@@@@@@@@@@@@@@@@@@@@@@@@@@@@@@@@@@@@@@@@@@@@@@@@@@@@@@@@@@@@@@@@@
OLD DT= 0.31D-02 U(L2)= 0.53D-03 U(MX)= 0.28D-02 P(L2)= 0.44D-02 P(MX)= 0.49D-02
CHOICE  0(   3)    ---- NEW DT =  0.368D-02 -- OLD DT =  0.307D-02
@@@@@@@@@@@@@@@@@@@@@@@@@@@@@@@@@@@@@@@@@@@@@@@@@@@@@@@@@@@@@@@@@@@@@@@@@@@@@@@@

P(VELO)  0.00000D+00 0.00000D+00 0.53268D+00 0.34880D-02
P(PRES)  0.90935D+01 0.66754D+01 0.91569D+01 0.46026D+01
I(PRES)  0.76125D+01 0.76117D+01
I(FORCE) 0.48118D+01 0.69790D-02
P(FLUX)  0.20236D+00
$$$$$$$$$$$$$$$$$$$$$$$$$$$$$$$$$$$$$$$$$$$$$$$$$$$$$$$$$$$$$$$$$$$$$$$$$$$$$$$$
#   3 (  12) TIME= 0.219D-01 RELU(L2)= 0.81D+01 RELP(L2)= 0.58D+02 REL= 0.81D+01
$$$$$$$$$$$$$$$$$$$$$$$$$$$$$$$$$$$$$$$$$$$$$$$$$$$$$$$$$$$$$$$$$$$$$$$$$$$$$$$$

 total time :    8.4092999924905598E-002
 mavec time :    1.0821036994457245E-002
 konv. time :    1.3865981251001358E-002
 bdry  time :    2.8304010629653931E-004
 LC    time :    2.9840078204870224E-003
 ILU   time :    1.4216991141438484E-002
 U-mg  time :    1.9509006291627884E-002
 P-mg  time :    1.6524005681276321E-002

 STATISTICS :
 NWORK :           8000000
 IWORKG:              6539
 IWMAXG:              6539
 IWORKI:             37740
 IWMAXI:             37740
 IWORK :             40752
 IWMAX :             47436
--------------------------------------------------------------------------------
 total time :    9.0714003075845540E-002
 appr. time :    8.8497071061283350E-002
 grid  time :    2.9110000468790531E-003
 post  time :    7.3820017278194427E-003
 lin.  time :    4.2171057313680649E-002
 -> mavec time :    1.0821036994457245E-002
 -> konv. time :    1.3865981251001358E-002
 -> bdry  time :    2.8304010629653931E-004
 -> LC    time :    2.9840078204870224E-003
 -> ILU   time :    1.4216991141438484E-002
 U-mg  time :    1.9509006291627884E-002
 P-mg  time :    1.6524005681276321E-002
 #substeps  :           12
 #mg P      :           53
 #nonlinear :           24
 #mg U      :           48
--------------------------------------------------------------------------------

  U-MULTIGRID COMPONENTS [in percent]:
  smoothing     :   44.287116694217907     
  solver        :   3.6187663371656829     
  defect calc.  :   28.330604942724801     
  prolongation  :   18.089096067928619     
  restriction   :   1.9528217885779569     

  P-MULTIGRID COMPONENTS [in percent]:
  smoothing     :   44.982819798499833     
  solver        :   14.257887663733824     
  defect calc.  :   14.034401885279404     
  prolongation  :   15.250463913911647     
  restriction   :   6.8747408766603337     
--------------------------------------------------------------------------------
